Sun Jan 27 2019 11:47:20 GMT+0530 (IST): GET /about
Sun Jan 27 2019 11:47:37 GMT+0530 (IST): GET /home
Sun Jan 27 2019 11:57:56 GMT+0530 (IST): GET /home
Sun Jan 27 2019 12:18:58 GMT+0530 (IST): GET /home
Wed Jan 30 2019 15:34:11 GMT+0530 (IST): GET /
Wed Jan 30 2019 15:35:26 GMT+0530 (IST): GET /
Wed Jan 30 2019 15:35:27 GMT+0530 (IST): GET /
Wed Jan 30 2019 15:35:28 GMT+0530 (IST): GET /
Wed Jan 30 2019 15:36:03 GMT+0530 (IST): GET /
Wed Jan 30 2019 15:36:04 GMT+0530 (IST): GET /
Wed Jan 30 2019 15:36:05 GMT+0530 (IST): GET /
Wed Jan 30 2019 15:36:15 GMT+0530 (IST): GET /
Wed Jan 30 2019 15:42:05 GMT+0530 (IST): GET /
Wed Jan 30 2019 15:42:09 GMT+0530 (IST): GET /home
Wed Jan 30 2019 15:42:11 GMT+0530 (IST): GET /home
Wed Jan 30 2019 15:42:12 GMT+0530 (IST): GET /about
Wed Jan 30 2019 16:56:12 GMT+0530 (IST): GET /
Wed Jan 30 2019 16:56:13 GMT+0530 (IST): GET /
Wed Jan 30 2019 16:56:14 GMT+0530 (IST): GET /about
Wed Jan 30 2019 16:56:17 GMT+0530 (IST): GET /projects
